d:\github\consoleapplication2\x64\release\consoleapplication2.pch
d:\github\consoleapplication2\x64\release\vc140.pdb
d:\github\consoleapplication2\x64\release\stdafx.obj
d:\github\consoleapplication2\x64\release\consoleapplication2.obj
d:\github\consoleapplication2\x64\release\consoleapplication2.res
d:\github\consoleapplication2\x64\release\consoleapplication2.ipdb
d:\github\consoleapplication2\x64\release\consoleapplication2.iobj
d:\github\consoleapplication2\x64\release\consoleapplication2.pdb
d:\github\consoleapplication2\x64\release\consolea.006ae96f.tlog\cl.command.1.tlog
d:\github\consoleapplication2\x64\release\consolea.006ae96f.tlog\cl.read.1.tlog
d:\github\consoleapplication2\x64\release\consolea.006ae96f.tlog\cl.write.1.tlog
d:\github\consoleapplication2\x64\release\consolea.006ae96f.tlog\link-cvtres.read.1.tlog
d:\github\consoleapplication2\x64\release\consolea.006ae96f.tlog\link-cvtres.write.1.tlog
d:\github\consoleapplication2\x64\release\consolea.006ae96f.tlog\link-mt.read.1.tlog
d:\github\consoleapplication2\x64\release\consolea.006ae96f.tlog\link-mt.write.1.tlog
d:\github\consoleapplication2\x64\release\consolea.006ae96f.tlog\link-rc.read.1.tlog
d:\github\consoleapplication2\x64\release\consolea.006ae96f.tlog\link-rc.write.1.tlog
d:\github\consoleapplication2\x64\release\consolea.006ae96f.tlog\link.command.1.tlog
d:\github\consoleapplication2\x64\release\consolea.006ae96f.tlog\link.read.1.tlog
d:\github\consoleapplication2\x64\release\consolea.006ae96f.tlog\link.write.1.tlog
d:\github\consoleapplication2\x64\release\consolea.006ae96f.tlog\rc.command.1.tlog
d:\github\consoleapplication2\x64\release\consolea.006ae96f.tlog\rc.read.1.tlog
d:\github\consoleapplication2\x64\release\consolea.006ae96f.tlog\rc.write.1.tlog
